<?xml version="1.0" encoding="UTF-8" ?>
<testsuite errors="0" failures="0" hostname="DESKTOP-CK8NHLD" name="edu.usc.cssl.tacit.classify.naivebayes.Naive_Bayes_Test" skipped="0" tests="2" time="1.156" timestamp="2016-05-12T01:51:32">
  <properties>
[...]
</properties>
  <testcase classname="edu.usc.cssl.tacit.classify.naivebayes.Naive_Bayes_Test" name="naiveBayesCrossValidateTest" time="1.059" />
  <testcase classname="edu.usc.cssl.tacit.classify.naivebayes.Naive_Bayes_Test" name="naiveBayesDoClassifyTest" time="0.06" />
  <system-out><![CDATA[----a
----b
Training dir :C:\Anish's Work\EclipseWorkspace\TACIT\edu.usc.cssl.tacit.classify.naivebayes.test\TestData\Data2
Training dir :C:\Anish's Work\EclipseWorkspace\TACIT\edu.usc.cssl.tacit.classify.naivebayes.test\TestData\Data1
----c
----d
----e
----f
----g
----h
null
----a
----b
Training dir :C:\Anish's Work\EclipseWorkspace\TACIT\edu.usc.cssl.tacit.classify.naivebayes.test\TestData\Data2
Training dir :C:\Anish's Work\EclipseWorkspace\TACIT\edu.usc.cssl.tacit.classify.naivebayes.test\TestData\Data1
----c
----d
----e
----f
----g
----h
C:\Anish's Work\EclipseWorkspace\TACIT\edu.usc.cssl.tacit.classify.naivebayes.test\TestData\ClassificationInputData\File2.txt
C:\Anish's Work\EclipseWorkspace\TACIT\edu.usc.cssl.tacit.classify.naivebayes.test\TestData\ClassificationInputData\File4.txt
]]></system-out>
  <system-err><![CDATA[]]></system-err>
</testsuite>
