<?xml version="1.0" encoding="UTF-8" ?>
<testsuite errors="0" failures="0" hostname="DESKTOP-CK8NHLD" name="test.edu.usc.cssl.tacit.topicmodel.lda.services.Lda_Analysis_Test" skipped="0" tests="1" time="0.547" timestamp="2016-04-20T23:56:20">
  <properties>
[...]
</properties>
  <testcase classname="test.edu.usc.cssl.tacit.topicmodel.lda.services.Lda_Analysis_Test" name="doLDATest" time="0.511" />
  <system-out><![CDATA[]]></system-out>
  <system-err><![CDATA[Labels = 
   C:\Anish's Work\Eclipse Workspace\TACIT\edu.usc.cssl.tacit.topicmodel.lda\TestData\InputFiles
Coded LDA: 3 topics, 2 topic bits, 11 topic mask
max tokens: 808
total tokens: 1840
<10> LL/token: -7.59893
<20> LL/token: -7.46717
<30> LL/token: -7.41162
<40> LL/token: -7.40584

0	16.66667	s which NLP paper The folding for an from that evaluation system metal its period traditional much solo pop 
1	16.66667	of a to as are with often guitar was on In Japanese electric use used blues language The some 
2	16.66667	the and in rock is music or has by origami this solos bass such have into culture including wah 

<50> LL/token: -7.40706
<60> LL/token: -7.44559
<70> LL/token: -7.44633
<80> LL/token: -7.41253
<90> LL/token: -7.41673

0	16.66667	the s is which The NLP for an from evaluation such other system into cuts much solo genres based 
1	16.66667	of a to or are with paper often was on In Japanese use used language its more were Japan 
2	16.66667	and the in rock as music guitar folding has by that origami this solos bass electric have blues culture 

<100> LL/token: -7.37331
<110> LL/token: -7.39222
<120> LL/token: -7.41823
<130> LL/token: -7.38134
<140> LL/token: -7.37311

0	16.66667	the s is which The NLP has for from origami evaluation use into culture cuts solo problem models based 
1	16.66667	of to a or are with paper often was on folding an Japanese used In system language been its 
2	16.66667	and the in rock as music guitar by that this solos bass electric such have other blues including some 

<150> LL/token: -7.35138
<160> LL/token: -7.36336
<170> LL/token: -7.3676
<180> LL/token: -7.37136
<190> LL/token: -7.34232

0	16.66667	the a is which The of NLP for from evaluation has use into language culture system more in cuts 
1	16.66667	of to s or are with paper often was on folding an In origami Japanese this used have been 
2	16.66667	and the in rock as music guitar that solos bass electric by such other blues including some wah metal 

<200> LL/token: -7.36143
<210> LL/token: -7.38861
[beta: 0.27591] 
<220> LL/token: -6.65161
<230> LL/token: -6.74738
[beta: 0.38122] 
<240> LL/token: -6.69555

0	17.79873	of to the as NLP is for evaluation on an into language a s models used in AI problem 
1	16.02786	the of and a paper or was to is folding which in often origami Japanese this with In from 
2	14.49932	the and rock in of music a s guitar are solos bass electric by has which other blues that 

<250> LL/token: -6.74415
[beta: 0.39602] 
<260> LL/token: -6.73815
<270> LL/token: -6.75568
[beta: 0.40027] 
<280> LL/token: -6.71514
<290> LL/token: -6.73957

0	14.98813	to of is and NLP or was from in evaluation on the system as an The more models language 
1	14.94671	the of to a which paper are folding In in often origami Japanese this use for or has with 
2	13.76222	the and of rock in a s music as guitar The that solos bass electric by such other blues 

[beta: 0.40136] 
<300> LL/token: -6.75687
<310> LL/token: -6.71073
[beta: 0.40444] 
<320> LL/token: -6.64905
<330> LL/token: -6.666
[beta: 0.41086] 
<340> LL/token: -6.65047

0	9.84014	of NLP to is for evaluation the language more such on an problem or system models part AI data 
1	14.16346	the of a to in with paper which and folding often is In from origami Japanese or used was 
2	12.23918	the and of rock in music a s as guitar are by The solos bass electric has which blues 

<350> LL/token: -6.64267
[beta: 0.42722] 
<360> LL/token: -6.7065
<370> LL/token: -6.61856
[beta: 0.42999] 
<380> LL/token: -6.61562
<390> LL/token: -6.58677

0	7.14302	of NLP is The to s evaluation on the in system language and an for problem models as which 
1	14.208	the of a to or paper and folding with in was which In origami Japanese is often culture been 
2	9.81196	and the rock of in music a s as to guitar are solos bass electric which The blues that 

[beta: 0.42661] 
<400> LL/token: -6.61949
<410> LL/token: -6.55428
[beta: 0.41981] 
<420> LL/token: -6.64019
<430> LL/token: -6.55004
[beta: 0.42121] 
<440> LL/token: -6.57259

0	4.75063	of to an NLP evaluation language on problem models for is The AI data input make processing learning rules 
1	9.35435	the of a and to in is paper folding or was origami Japanese this often which as In The 
2	8.86085	the and rock of in music a s as guitar which by has that solos bass electric from other 

<450> LL/token: -6.59723
[beta: 0.4322] 
<460> LL/token: -6.4974
<470> LL/token: -6.57399
[beta: 0.4163] 
<480> LL/token: -6.55941
<490> LL/token: -6.51569

0	3.85219	the to NLP of evaluation language an on as s problem system models for is AI more data input 
1	8.02027	of the a and to in is or which paper folding origami Japanese often use The this with was 
2	7.09098	the and of rock in music a s guitar The as solos bass electric are that blues with to 

[beta: 0.43162] 
<500> LL/token: -6.49296
<510> LL/token: -6.52886
[beta: 0.43224] 
<520> LL/token: -6.52663
<530> LL/token: -6.49282
[beta: 0.43918] 
<540> LL/token: -6.44267

0	2.27524	the of NLP evaluation to is language on system an problem or models The AI are data input processing 
1	4.66303	of the a to and in paper folding which with was origami Japanese often is In into this or 
2	5.82924	the and of rock in a music s to as guitar which is The solos bass electric by blues 

<550> LL/token: -6.47145
[beta: 0.42627] 
<560> LL/token: -6.48885
<570> LL/token: -6.44283
[beta: 0.43789] 
<580> LL/token: -6.43488
<590> LL/token: -6.43796

0	1.71764	of the to NLP is in evaluation language an or for problem system more models on based a as 
1	3.5728	of the a and paper folding to in is origami Japanese was In this often used with which been 
2	4.46088	the and of rock in music s a as guitar The to which are solos bass electric blues by 

[beta: 0.42728] 
<600> LL/token: -6.42424
<610> LL/token: -6.44583
[beta: 0.43301] 
<620> LL/token: -6.4804
<630> LL/token: -6.39115
[beta: 0.42312] 
<640> LL/token: -6.39686

0	1.07767	the of to NLP evaluation is language in on as an problem system models for and AI or data 
1	2.60035	of the a and to in paper often folding which In was The origami Japanese or is s used 
2	2.86637	the and rock of in a music s guitar as are that is which solos bass electric by to 

<650> LL/token: -6.40727
[beta: 0.43754] 
<660> LL/token: -6.35489
<670> LL/token: -6.31014
[beta: 0.44205] 
<680> LL/token: -6.26544
<690> LL/token: -6.31606

0	0.65119	of the to NLP is evaluation an language for problem system models on The AI more data input processing 
1	2.01691	of the a to and in paper folding often which origami Japanese with was is this In s culture 
2	1.8953	the and rock of in a music s as guitar to or which solos bass electric are that The 

[beta: 0.42895] 
<700> LL/token: -6.30263
<710> LL/token: -6.33268
[beta: 0.43562] 
<720> LL/token: -6.32527
<730> LL/token: -6.32705
[beta: 0.43252] 
<740> LL/token: -6.26272

0	0.48479	of the to NLP is evaluation and in language on as an s problem or system more models for 
1	1.0556	of the a and to paper folding in is origami Japanese this which with was In The culture often 
2	1.3182	the and rock of in music a s guitar as to which solos bass electric other blues by are 

<750> LL/token: -6.30056
[beta: 0.43659] 
<760> LL/token: -6.28864
<770> LL/token: -6.25853
[beta: 0.43826] 
<780> LL/token: -6.24445
<790> LL/token: -6.26076

0	0.38546	the of to NLP is evaluation language on an problem or system models for which The more data input 
1	0.77915	of the a and to paper in folding is origami Japanese which In this often with s The or 
2	0.96831	the and of rock in a music s to as guitar are that which solos bass electric blues by 

[beta: 0.4326] 
<800> LL/token: -6.24533
<810> LL/token: -6.20611
[beta: 0.42905] 
<820> LL/token: -6.23332
<830> LL/token: -6.25364
[beta: 0.43742] 
<840> LL/token: -6.28215

0	0.33989	of the to NLP is evaluation and language in on as an s problem or system models for a 
1	0.5722	the of a and to in paper folding which origami Japanese with is In often use was this or 
2	0.50711	the and rock of in music a s guitar as to solos bass electric which The blues by are 

<850> LL/token: -6.1508
[beta: 0.42722] 
<860> LL/token: -6.17862
<870> LL/token: -6.16138
[beta: 0.44032] 
<880> LL/token: -6.11298
<890> LL/token: -6.18505

0	0.30003	the of to NLP is evaluation and in language for on as an s problem or system models a 
1	0.34589	the of a and to s paper in folding which is origami Japanese often with was In are this 
2	0.31388	the and of rock in music a guitar as to solos bass electric which s The blues or are 

[beta: 0.42249] 
<900> LL/token: -6.24223
<910> LL/token: -6.19869
[beta: 0.42689] 
<920> LL/token: -6.22973
<930> LL/token: -6.18341
[beta: 0.43108] 
<940> LL/token: -6.22269

0	0.32808	the of to NLP evaluation is in language on as which and an s The problem or system more 
1	0.30961	of the a and to in paper is folding was which origami Japanese In often used with this or 
2	0.17619	the and of rock in music a s guitar as to solos bass electric The blues by are that 

<950> LL/token: -6.2188
[beta: 0.43249] 
<960> LL/token: -6.19123
<970> LL/token: -6.16529
[beta: 0.43935] 
<980> LL/token: -6.22149
<990> LL/token: -6.18858

0	0.25414	of the to NLP is evaluation and in language on a as an s problem or system models for 
1	0.27428	the of a and to in paper folding is origami Japanese was which often or with In this used 
2	0.22309	the and rock of in music a s guitar as to which solos bass electric The blues by are 

[beta: 0.43461] 
<1000> LL/token: -6.12882

Total time: 0 seconds
]]></system-err>
</testsuite>
